\BOOKMARK [2][-]{section*.1}{\376\377\000S\000i\000m\000p\000l\000e\000\040\000L\000i\000n\000e\000a\000r\000\040\000R\000e\000g\000r\000e\000s\000s\000i\000o\000n}{}% 1
\BOOKMARK [2][-]{section*.2}{\376\377\000E\000s\000t\000i\000m\000a\000t\000i\000n\000g\000\040\0002}{}% 2
\BOOKMARK [2][-]{section*.3}{\376\377\000I\000n\000f\000e\000r\000e\000n\000c\000e\000\040\000a\000b\000o\000u\000t\000\040\0001}{}% 3
\BOOKMARK [2][-]{section*.4}{\376\377\000A\000N\000O\000V\000A}{}% 4
\BOOKMARK [2][-]{section*.5}{\376\377\000C\000o\000r\000r\000e\000l\000a\000t\000i\000o\000n}{}% 5
\BOOKMARK [2][-]{section*.6}{\376\377\000E\000s\000t\000i\000m\000a\000t\000i\000n\000g\000\040\000r\000e\000s\000p\000o\000n\000s\000e}{}% 6
\BOOKMARK [2][-]{section*.7}{\376\377\000R\000e\000s\000i\000d\000u\000a\000l\000\040\000A\000n\000a\000l\000y\000s\000i\000s}{}% 7
\BOOKMARK [2][-]{section*.8}{\376\377\000P\000o\000l\000y\000n\000o\000m\000i\000a\000l\000\040\000R\000e\000g\000r\000e\000s\000s\000i\000o\000n}{}% 8
\BOOKMARK [2][-]{section*.9}{\376\377\000M\000u\000l\000t\000i\000p\000l\000e\000\040\000R\000e\000g\000r\000e\000s\000s\000i\000o\000n\000\040\000\050\0002\000+\000\040\000c\000o\000v\000a\000r\000i\000a\000t\000e\000s\000\051}{}% 9
\BOOKMARK [2][-]{section*.10}{\376\377\000I\000n\000t\000e\000r\000a\000c\000t\000i\000o\000n}{}% 10
\BOOKMARK [2][-]{section*.11}{\376\377\000Q\000u\000a\000l\000i\000t\000a\000t\000i\000v\000e}{}% 11
\BOOKMARK [2][-]{section*.12}{\376\377\000C\000o\000m\000p\000a\000r\000i\000n\000g\000\040\000N\000e\000s\000t\000e\000d\000\040\000M\000o\000d\000e\000l\000s}{}% 12
\BOOKMARK [3][-]{section*.13}{\376\377\000M\000u\000l\000t\000i\000c\000o\000l\000l\000i\000n\000e\000a\000r\000i\000t\000y}{section*.12}% 13
\BOOKMARK [2][-]{section*.14}{\376\377\000M\000u\000l\000t\000i\000n\000o\000m\000i\000a\000l\000\040\000D\000i\000s\000t\000r\000i\000b\000u\000t\000i\000o\000n}{}% 14
\BOOKMARK [3][-]{section*.15}{\376\377\000C\000h\000i\000-\000s\000q\000u\000a\000r\000e}{section*.14}% 15
\BOOKMARK [3][-]{section*.16}{\376\377\000C\000o\000n\000t\000i\000n\000g\000e\000n\000c\000y\000\040\000t\000a\000b\000l\000e\000s}{section*.14}% 16
\BOOKMARK [3][-]{section*.17}{\376\377\000F\000i\000s\000h\000e\000r\000'\000s\000\040\000e\000x\000a\000c\000t\000\040\000t\000e\000s\000t}{section*.14}% 17
\BOOKMARK [3][-]{section*.18}{\376\377\000M\000c\000N\000e\000m\000a\000r\000'\000s\000\040\000t\000e\000s\000t}{section*.14}% 18
\BOOKMARK [2][-]{section*.19}{\376\377\000N\000o\000n\000-\000P\000a\000r\000a\000m\000e\000t\000r\000i\000c\000\040\000s\000t\000a\000t\000i\000s\000t\000i\000c\000s}{}% 19
\BOOKMARK [3][-]{section*.20}{\376\377\000W\000i\000l\000c\000o\000x\000o\000n\000\040\000t\000e\000s\000t}{section*.19}% 20
\BOOKMARK [3][-]{section*.21}{\376\377\000N\000o\000r\000m\000a\000l\000\040\000a\000p\000p\000r\000o\000x\000.\000\040\000o\000f\000\040\000W\000i\000l\000c\000o\000x\000o\000n}{section*.19}% 21
\BOOKMARK [3][-]{section*.22}{\376\377\000W\000i\000l\000c\000o\000x\000o\000n\000'\000s\000\040\000s\000i\000g\000n\000e\000d\000\040\000r\000a\000n\000k\000\040\000t\000e\000s\000t\000\040\000\050\000f\000o\000r\000\040\000p\000a\000i\000r\000e\000d\000\040\000d\000a\000t\000a\000\051}{section*.19}% 22
\BOOKMARK [3][-]{section*.23}{\376\377\000L\000a\000r\000g\000e\000\040\000s\000a\000m\000p\000l\000e\000\040\000W\000i\000l\000c\000o\000x\000o\000n\000'\000s\000\040\000s\000i\000g\000n\000e\000d\000\040\000r\000a\000n\000k\000\040\000t\000e\000s\000t}{section*.19}% 23
\BOOKMARK [3][-]{section*.24}{\376\377\000K\000r\000u\000s\000k\000a\000l\000-\000W\000a\000l\000l\000i\000s\000\040\000t\000e\000s\000t\000\040\000\050\000C\000R\000D\000\051}{section*.19}% 24
\BOOKMARK [3][-]{section*.25}{\376\377\000F\000r\000i\000e\000d\000m\000a\000n\000\040\000t\000e\000s\000t\000\040\000\050\000R\000B\000D\000\051}{section*.19}% 25
\BOOKMARK [3][-]{section*.26}{\376\377\000S\000p\000e\000a\000r\000m\000a\000n\000'\000s\000\040\000r\000a\000n\000k\000\040\000c\000o\000r\000r\000e\000l\000a\000t\000i\000o\000n\000\040\000c\000o\000e\000f\000f\000i\000c\000i\000e\000n\000t}{section*.19}% 26
\BOOKMARK [2][-]{section*.27}{\376\377\000A\000N\000O\000V\000A}{}% 27
\BOOKMARK [2][-]{section*.28}{\376\377\000C\000o\000m\000p\000a\000r\000i\000n\000g\000\040\000m\000e\000a\000n\000s}{}% 28
\BOOKMARK [2][-]{section*.29}{\376\377\000S\000t\000u\000d\000e\000n\000t\000\040\000t\000-\000t\000e\000s\000t\000\040\000f\000o\000r\000\040\000m\000e\000a\000n\000s}{}% 29
\BOOKMARK [3][-]{section*.30}{\376\377\000M\000u\000l\000t\000i\000p\000l\000e\000\040\000c\000o\000m\000p\000a\000r\000i\000s\000o\000n\000s}{section*.29}% 30
\BOOKMARK [3][-]{section*.31}{\376\377\000A\000N\000O\000V\000A\000\040\000f\000o\000r\000\040\000R\000B\000D}{section*.29}% 31
\BOOKMARK [3][-]{section*.32}{\376\377\0002\000-\000w\000a\000y\000\040\000A\000N\000O\000V\000A}{section*.29}% 32
\BOOKMARK [3][-]{section*.33}{\376\377\000C\000o\000n\000d\000i\000t\000i\000o\000n\000s\000\040\000f\000o\000r\000\040\000a\000l\000l\000\040\000A\000N\000O\000V\000A\000\040\000t\000e\000s\000t\000s}{section*.29}% 33
\BOOKMARK [2][-]{section*.34}{\376\377\000S\000t\000e\000p\000s\000\040\000f\000o\000r\000\040\000H\000T\000\040\000o\000n\000\040\000F\000i\000n\000a\000l}{}% 34
